Build started 17/09/2014 21:21:24.
     1>Project "C:\Users\Isienmai\Documents\1---HEYMRTVMANLOOKIEHERE---1\Programming\TestGames\PaiSho\SDLBase\SDLBase.vcxproj" on node 2 (Build target(s)).
     1>ClCompile:
         C:\Program Files (x86)\Microsoft Visual Studio 12.0\VC\bin\CL.exe /c /ZI /nologo /W3 /WX- /sdl /Od /Oy- /D _MBCS /Gm /EHsc /RTC1 /MD /GS /fp:precise /Zc:wchar_t /Zc:forScope /Fo"Debug\\" /Fd"Debug\vc120.pdb" /Gd /TP /analyze- /errorReport:prompt Game.cpp
         Game.cpp
     1>c:\users\isienmai\documents\1---heymrtvmanlookiehere---1\programming\testgames\paisho\sdlbase\game.cpp(142): warning C4244: 'initializing' : conversion from 'double' to 'int', possible loss of data
       Link:
         C:\Program Files (x86)\Microsoft Visual Studio 12.0\VC\bin\link.exe /ERRORREPORT:PROMPT /OUT:"C:\Users\Isienmai\Documents\1---HEYMRTVMANLOOKIEHERE---1\Programming\TestGames\PaiSho\Debug\PaiSho.exe" /INCREMENTAL /NOLOGO SDL2.lib SDL2main.lib SDL2_image.lib SDL2_ttf.lib kernel32.lib user32.lib gdi32.lib winspool.lib comdlg32.lib advapi32.lib shell32.lib ole32.lib oleaut32.lib uuid.lib odbc32.lib odbccp32.lib /MANIFEST /MANIFESTUAC:"level='asInvoker' uiAccess='false'" /manifest:embed /DEBUG /PDB:"C:\Users\Isienmai\Documents\1---HEYMRTVMANLOOKIEHERE---1\Programming\TestGames\PaiSho\Debug\PaiSho.pdb" /SUBSYSTEM:WINDOWS /TLBID:1 /DYNAMICBASE /NXCOMPAT /IMPLIB:"C:\Users\Isienmai\Documents\1---HEYMRTVMANLOOKIEHERE---1\Programming\TestGames\PaiSho\Debug\PaiSho.lib" /MACHINE:X86 Debug\Board.obj
         Debug\Button.obj
         Debug\Game.obj
         Debug\Harmony.obj
         Debug\Images.obj
         Debug\Main.obj
         Debug\Mouse.obj
         Debug\Tile.obj
         Debug\UserInterface.obj
         SDLBase.vcxproj -> C:\Users\Isienmai\Documents\1---HEYMRTVMANLOOKIEHERE---1\Programming\TestGames\PaiSho\Debug\PaiSho.exe
     1>Done Building Project "C:\Users\Isienmai\Documents\1---HEYMRTVMANLOOKIEHERE---1\Programming\TestGames\PaiSho\SDLBase\SDLBase.vcxproj" (Build target(s)).

Build succeeded.

Time Elapsed 00:00:01.29
